\\vmwfil01\homedrives67$\p514846\teaching\2018-19\cmp105 games programming\code\cmp105app\cmp105app\x64\debug\vc141.pdb
\\vmwfil01\homedrives67$\p514846\teaching\2018-19\cmp105 games programming\code\cmp105app\cmp105app\x64\debug\vc141.idb
\\vmwfil01\homedrives67$\p514846\teaching\2018-19\cmp105 games programming\code\cmp105app\cmp105app\x64\debug\main.obj
\\vmwfil01\homedrives67$\p514846\teaching\2018-19\cmp105 games programming\code\cmp105app\cmp105app\x64\debug\level.obj
\\vmwfil01\homedrives67$\p514846\teaching\2018-19\cmp105 games programming\code\cmp105app\cmp105app\x64\debug\vector.obj
\\vmwfil01\homedrives67$\p514846\teaching\2018-19\cmp105 games programming\code\cmp105app\cmp105app\x64\debug\soundobject.obj
\\vmwfil01\homedrives67$\p514846\teaching\2018-19\cmp105 games programming\code\cmp105app\cmp105app\x64\debug\gameobject.obj
\\vmwfil01\homedrives67$\p514846\teaching\2018-19\cmp105 games programming\code\cmp105app\cmp105app\x64\debug\musicobject.obj
\\vmwfil01\homedrives67$\p514846\teaching\2018-19\cmp105 games programming\code\cmp105app\cmp105app\x64\debug\input.obj
\\vmwfil01\homedrives67$\p514846\teaching\2018-19\cmp105 games programming\code\cmp105app\cmp105app\x64\debug\gamestate.obj
\\vmwfil01\homedrives67$\p514846\teaching\2018-19\cmp105 games programming\code\cmp105app\cmp105app\x64\debug\collision.obj
\\vmwfil01\homedrives67$\p514846\teaching\2018-19\cmp105 games programming\code\cmp105app\cmp105app\x64\debug\baselevel.obj
\\vmwfil01\homedrives67$\p514846\teaching\2018-19\cmp105 games programming\code\cmp105app\cmp105app\x64\debug\audiomanager.obj
\\vmwfil01\homedrives67$\p514846\teaching\2018-19\cmp105 games programming\code\cmp105app\cmp105app\x64\debug\animation.obj
\\vmwfil01\homedrives67$\p514846\teaching\2018-19\cmp105 games programming\code\cmp105app\cmp105app\x64\debug\tilemap.obj
\\vmwfil01\homedrives67$\p514846\teaching\2018-19\cmp105 games programming\code\week10\cmp105app\x64\debug\vc141.pdb
\\vmwfil01\homedrives67$\p514846\teaching\2018-19\cmp105 games programming\code\week10\cmp105app\x64\debug\vc141.idb
\\vmwfil01\homedrives67$\p514846\teaching\2018-19\cmp105 games programming\code\week10\cmp105app\x64\debug\main.obj
\\vmwfil01\homedrives67$\p514846\teaching\2018-19\cmp105 games programming\code\week10\cmp105app\x64\debug\level.obj
\\vmwfil01\homedrives67$\p514846\teaching\2018-19\cmp105 games programming\code\week10\cmp105app\x64\debug\vector.obj
\\vmwfil01\homedrives67$\p514846\teaching\2018-19\cmp105 games programming\code\week10\cmp105app\x64\debug\tilemap.obj
\\vmwfil01\homedrives67$\p514846\teaching\2018-19\cmp105 games programming\code\week10\cmp105app\x64\debug\gameobject.obj
\\vmwfil01\homedrives67$\p514846\teaching\2018-19\cmp105 games programming\code\week10\cmp105app\x64\debug\input.obj
\\vmwfil01\homedrives67$\p514846\teaching\2018-19\cmp105 games programming\code\week10\cmp105app\x64\debug\gamestate.obj
\\vmwfil01\homedrives67$\p514846\teaching\2018-19\cmp105 games programming\code\week10\cmp105app\x64\debug\collision.obj
\\vmwfil01\homedrives67$\p514846\teaching\2018-19\cmp105 games programming\code\week10\cmp105app\x64\debug\animation.obj
\\vmwfil01\homedrives67$\p514846\teaching\2018-19\cmp105 games programming\code\cmp105app\x64\debug\cmp105app.ilk
\\vmwfil01\homedrives67$\p514846\teaching\2018-19\cmp105 games programming\code\cmp105app\x64\debug\cmp105app.exe
\\vmwfil01\homedrives67$\p514846\teaching\2018-19\cmp105 games programming\code\cmp105app\x64\debug\cmp105app.pdb
\\vmwfil01\homedrives67$\p514846\teaching\2018-19\cmp105 games programming\code\week10\x64\debug\cmp105app.exe
\\vmwfil01\homedrives67$\p514846\teaching\2018-19\cmp105 games programming\code\week10\x64\debug\cmp105app.ilk
\\vmwfil01\homedrives67$\p514846\teaching\2018-19\cmp105 games programming\code\week10\x64\debug\cmp105app.pdb
\\vmwfil01\homedrives67$\p514846\teaching\2018-19\cmp105 games programming\code\week10\cmp105app\x64\debug\audiomanager.obj
\\vmwfil01\homedrives67$\p514846\teaching\2018-19\cmp105 games programming\code\week10\cmp105app\x64\debug\baselevel.obj
\\vmwfil01\homedrives67$\p514846\teaching\2018-19\cmp105 games programming\code\week10\cmp105app\x64\debug\musicobject.obj
\\vmwfil01\homedrives67$\p514846\teaching\2018-19\cmp105 games programming\code\week10\cmp105app\x64\debug\soundobject.obj
\\vmwfil01\homedrives67$\p514846\teaching\2018-19\cmp105 games programming\code\week10\cmp105app\x64\debug\cmp105app.tlog\cl.command.1.tlog
\\vmwfil01\homedrives67$\p514846\teaching\2018-19\cmp105 games programming\code\week10\cmp105app\x64\debug\cmp105app.tlog\cl.read.1.tlog
\\vmwfil01\homedrives67$\p514846\teaching\2018-19\cmp105 games programming\code\week10\cmp105app\x64\debug\cmp105app.tlog\cl.write.1.tlog
\\vmwfil01\homedrives67$\p514846\teaching\2018-19\cmp105 games programming\code\week10\cmp105app\x64\debug\cmp105app.tlog\link.command.1.tlog
\\vmwfil01\homedrives67$\p514846\teaching\2018-19\cmp105 games programming\code\week10\cmp105app\x64\debug\cmp105app.tlog\link.read.1.tlog
\\vmwfil01\homedrives67$\p514846\teaching\2018-19\cmp105 games programming\code\week10\cmp105app\x64\debug\cmp105app.tlog\link.write.1.tlog
